<?xml version="1.0" encoding="UTF-8"?>
<testng-results ignored="0" total="4" passed="4" failed="0" skipped="0">
  <reporter-output>
  </reporter-output>
  <suite started-at="2025-07-08T14:49:51 IST" name="Suite" finished-at="2025-07-08T14:51:23 IST" duration-ms="91993">
    <groups>
      <group name="regressionTest">
        <method signature="CreatecontactTest.createcontactTest()[pri:0, instance:contact.CreatecontactTest@4f49f6af]" name="createcontactTest" class="contact.CreatecontactTest"/>
        <method signature="CreateOrganizationTest.createOrganizationTest()[pri:0, instance:organization.CreateOrganizationTest@2235eaab]" name="createOrganizationTest" class="organization.CreateOrganizationTest"/>
      </group> <!-- regressionTest -->
      <group name="smokeTest">
        <method signature="CreateOrganizationTest.createOrganizationTest()[pri:0, instance:organization.CreateOrganizationTest@2235eaab]" name="createOrganizationTest" class="organization.CreateOrganizationTest"/>
      </group> <!-- smokeTest -->
    </groups>
    <test started-at="2025-07-08T14:49:51 IST" name="Test" finished-at="2025-07-08T14:51:23 IST" duration-ms="91993">
      <class name="organization.CreateOrganizationTest">
        <test-method is-config="true" signature="BC()[pri:0, instance:organization.CreateOrganizationTest@2235eaab]" started-at="2025-07-08T14:51:05 IST" name="BC" finished-at="2025-07-08T14:51:07 IST" duration-ms="1156" status="PASS">
          <reporter-output>
          </reporter-output>
        </test-method> <!-- BC -->
        <test-method is-config="true" signature="BM()[pri:0, instance:organization.CreateOrganizationTest@2235eaab]" started-at="2025-07-08T14:51:07 IST" name="BM" finished-at="2025-07-08T14:51:12 IST" duration-ms="5459" status="PASS">
          <reporter-output>
          </reporter-output>
        </test-method> <!-- BM -->
        <test-method signature="createOrganizationTest()[pri:0, instance:organization.CreateOrganizationTest@2235eaab]" started-at="2025-07-08T14:51:12 IST" name="createOrganizationTest" finished-at="2025-07-08T14:51:21 IST" duration-ms="9087" status="PASS">
          <reporter-output>
          </reporter-output>
        </test-method> <!-- createOrganizationTest -->
        <test-method is-config="true" signature="AM()[pri:0, instance:organization.CreateOrganizationTest@2235eaab]" started-at="2025-07-08T14:51:21 IST" name="AM" finished-at="2025-07-08T14:51:22 IST" duration-ms="1304" status="PASS">
          <reporter-output>
          </reporter-output>
        </test-method> <!-- AM -->
        <test-method is-config="true" signature="AC()[pri:0, instance:organization.CreateOrganizationTest@2235eaab]" started-at="2025-07-08T14:51:22 IST" name="AC" finished-at="2025-07-08T14:51:23 IST" duration-ms="673" status="PASS">
          <reporter-output>
          </reporter-output>
        </test-method> <!-- AC -->
      </class> <!-- organization.CreateOrganizationTest -->
      <class name="product.CreateProductTest">
        <test-method is-config="true" signature="BC()[pri:0, instance:product.CreateProductTest@7098b907]" started-at="2025-07-08T14:50:23 IST" name="BC" finished-at="2025-07-08T14:50:25 IST" duration-ms="1606" status="PASS">
          <reporter-output>
          </reporter-output>
        </test-method> <!-- BC -->
        <test-method is-config="true" signature="BM()[pri:0, instance:product.CreateProductTest@7098b907]" started-at="2025-07-08T14:50:25 IST" name="BM" finished-at="2025-07-08T14:50:27 IST" duration-ms="2013" status="PASS">
          <reporter-output>
          </reporter-output>
        </test-method> <!-- BM -->
        <test-method signature="createProductTest()[pri:0, instance:product.CreateProductTest@7098b907]" started-at="2025-07-08T14:50:27 IST" name="createProductTest" finished-at="2025-07-08T14:50:44 IST" duration-ms="17554" status="PASS">
          <reporter-output>
          </reporter-output>
        </test-method> <!-- createProductTest -->
        <test-method is-config="true" signature="AM()[pri:0, instance:product.CreateProductTest@7098b907]" started-at="2025-07-08T14:50:44 IST" name="AM" finished-at="2025-07-08T14:50:47 IST" duration-ms="2122" status="PASS">
          <reporter-output>
          </reporter-output>
        </test-method> <!-- AM -->
        <test-method is-config="true" signature="AC()[pri:0, instance:product.CreateProductTest@7098b907]" started-at="2025-07-08T14:50:47 IST" name="AC" finished-at="2025-07-08T14:50:47 IST" duration-ms="783" status="PASS">
          <reporter-output>
          </reporter-output>
        </test-method> <!-- AC -->
      </class> <!-- product.CreateProductTest -->
      <class name="contact.CreatecontactTest">
        <test-method is-config="true" signature="BS()[pri:0, instance:contact.CreatecontactTest@4f49f6af]" started-at="2025-07-08T14:49:51 IST" name="BS" finished-at="2025-07-08T14:49:51 IST" duration-ms="21" status="PASS">
          <reporter-output>
          </reporter-output>
        </test-method> <!-- BS -->
        <test-method is-config="true" signature="BT()[pri:0, instance:contact.CreatecontactTest@4f49f6af]" started-at="2025-07-08T14:49:52 IST" name="BT" finished-at="2025-07-08T14:49:52 IST" duration-ms="1" status="PASS">
          <reporter-output>
          </reporter-output>
        </test-method> <!-- BT -->
        <test-method is-config="true" signature="BC()[pri:0, instance:contact.CreatecontactTest@4f49f6af]" started-at="2025-07-08T14:49:52 IST" name="BC" finished-at="2025-07-08T14:49:58 IST" duration-ms="6313" status="PASS">
          <reporter-output>
          </reporter-output>
        </test-method> <!-- BC -->
        <test-method is-config="true" signature="BM()[pri:0, instance:contact.CreatecontactTest@4f49f6af]" started-at="2025-07-08T14:49:58 IST" name="BM" finished-at="2025-07-08T14:50:04 IST" duration-ms="5486" status="PASS">
          <reporter-output>
          </reporter-output>
        </test-method> <!-- BM -->
        <test-method signature="createcontactTest()[pri:0, instance:contact.CreatecontactTest@4f49f6af]" started-at="2025-07-08T14:50:04 IST" name="createcontactTest" finished-at="2025-07-08T14:50:20 IST" duration-ms="16105" status="PASS">
          <reporter-output>
          </reporter-output>
        </test-method> <!-- createcontactTest -->
        <test-method is-config="true" signature="AM()[pri:0, instance:contact.CreatecontactTest@4f49f6af]" started-at="2025-07-08T14:50:20 IST" name="AM" finished-at="2025-07-08T14:50:22 IST" duration-ms="2358" status="PASS">
          <reporter-output>
          </reporter-output>
        </test-method> <!-- AM -->
        <test-method is-config="true" signature="AC()[pri:0, instance:contact.CreatecontactTest@4f49f6af]" started-at="2025-07-08T14:50:22 IST" name="AC" finished-at="2025-07-08T14:50:23 IST" duration-ms="1069" status="PASS">
          <reporter-output>
          </reporter-output>
        </test-method> <!-- AC -->
        <test-method is-config="true" signature="AT()[pri:0, instance:contact.CreatecontactTest@4f49f6af]" started-at="2025-07-08T14:51:23 IST" name="AT" finished-at="2025-07-08T14:51:23 IST" duration-ms="0" status="PASS">
          <reporter-output>
          </reporter-output>
        </test-method> <!-- AT -->
        <test-method is-config="true" signature="AS()[pri:0, instance:contact.CreatecontactTest@4f49f6af]" started-at="2025-07-08T14:51:24 IST" name="AS" finished-at="2025-07-08T14:51:24 IST" duration-ms="0" status="PASS">
          <reporter-output>
          </reporter-output>
        </test-method> <!-- AS -->
      </class> <!-- contact.CreatecontactTest -->
      <class name="campaign.CreateCampaignTest">
        <test-method is-config="true" signature="BC()[pri:0, instance:campaign.CreateCampaignTest@13526e59]" started-at="2025-07-08T14:50:47 IST" name="BC" finished-at="2025-07-08T14:50:49 IST" duration-ms="1490" status="PASS">
          <reporter-output>
          </reporter-output>
        </test-method> <!-- BC -->
        <test-method is-config="true" signature="BM()[pri:0, instance:campaign.CreateCampaignTest@13526e59]" started-at="2025-07-08T14:50:49 IST" name="BM" finished-at="2025-07-08T14:50:55 IST" duration-ms="5663" status="PASS">
          <reporter-output>
          </reporter-output>
        </test-method> <!-- BM -->
        <test-method signature="createCampaignTest()[pri:0, instance:campaign.CreateCampaignTest@13526e59]" started-at="2025-07-08T14:50:55 IST" name="createCampaignTest" finished-at="2025-07-08T14:51:03 IST" duration-ms="8797" status="PASS">
          <reporter-output>
          </reporter-output>
        </test-method> <!-- createCampaignTest -->
        <test-method is-config="true" signature="AM()[pri:0, instance:campaign.CreateCampaignTest@13526e59]" started-at="2025-07-08T14:51:03 IST" name="AM" finished-at="2025-07-08T14:51:05 IST" duration-ms="1570" status="PASS">
          <reporter-output>
          </reporter-output>
        </test-method> <!-- AM -->
        <test-method is-config="true" signature="AC()[pri:0, instance:campaign.CreateCampaignTest@13526e59]" started-at="2025-07-08T14:51:05 IST" name="AC" finished-at="2025-07-08T14:51:05 IST" duration-ms="560" status="PASS">
          <reporter-output>
          </reporter-output>
        </test-method> <!-- AC -->
      </class> <!-- campaign.CreateCampaignTest -->
    </test> <!-- Test -->
  </suite> <!-- Suite -->
</testng-results>
