<?xml version="1.0" encoding="UTF-8"?>
<testng-results ignored="0" total="1" passed="1" failed="0" skipped="0">
  <reporter-output>
  </reporter-output>
  <suite started-at="2025-07-16T08:23:28 IST" name="Default suite" finished-at="2025-07-16T08:24:40 IST" duration-ms="72420">
    <groups>
    </groups>
    <test started-at="2025-07-16T08:23:28 IST" name="Default test" finished-at="2025-07-16T08:24:40 IST" duration-ms="72420">
      <class name="campaign.CreateCampaignTest">
        <test-method is-config="true" signature="BS()[pri:0, instance:campaign.CreateCampaignTest@415b0b49]" started-at="2025-07-16T08:23:28 IST" name="BS" finished-at="2025-07-16T08:23:28 IST" duration-ms="22" status="PASS">
          <reporter-output>
          </reporter-output>
        </test-method> <!-- BS -->
        <test-method is-config="true" signature="BT()[pri:0, instance:campaign.CreateCampaignTest@415b0b49]" started-at="2025-07-16T08:23:28 IST" name="BT" finished-at="2025-07-16T08:23:28 IST" duration-ms="0" status="PASS">
          <reporter-output>
          </reporter-output>
        </test-method> <!-- BT -->
        <test-method is-config="true" signature="BC()[pri:0, instance:campaign.CreateCampaignTest@415b0b49]" started-at="2025-07-16T08:23:28 IST" name="BC" finished-at="2025-07-16T08:23:54 IST" duration-ms="25419" status="PASS">
          <reporter-output>
          </reporter-output>
        </test-method> <!-- BC -->
        <test-method is-config="true" signature="BM()[pri:0, instance:campaign.CreateCampaignTest@415b0b49]" started-at="2025-07-16T08:23:54 IST" name="BM" finished-at="2025-07-16T08:24:07 IST" duration-ms="13511" status="PASS">
          <reporter-output>
          </reporter-output>
        </test-method> <!-- BM -->
        <test-method signature="createCampaignTest()[pri:0, instance:campaign.CreateCampaignTest@415b0b49]" started-at="2025-07-16T08:24:07 IST" name="createCampaignTest" finished-at="2025-07-16T08:24:38 IST" duration-ms="30900" status="PASS">
          <reporter-output>
          </reporter-output>
        </test-method> <!-- createCampaignTest -->
        <test-method is-config="true" signature="AM()[pri:0, instance:campaign.CreateCampaignTest@415b0b49]" started-at="2025-07-16T08:24:38 IST" name="AM" finished-at="2025-07-16T08:24:40 IST" duration-ms="1232" status="PASS">
          <reporter-output>
          </reporter-output>
        </test-method> <!-- AM -->
        <test-method is-config="true" signature="AC()[pri:0, instance:campaign.CreateCampaignTest@415b0b49]" started-at="2025-07-16T08:24:40 IST" name="AC" finished-at="2025-07-16T08:24:40 IST" duration-ms="705" status="PASS">
          <reporter-output>
          </reporter-output>
        </test-method> <!-- AC -->
        <test-method is-config="true" signature="AT()[pri:0, instance:campaign.CreateCampaignTest@415b0b49]" started-at="2025-07-16T08:24:40 IST" name="AT" finished-at="2025-07-16T08:24:40 IST" duration-ms="1" status="PASS">
          <reporter-output>
          </reporter-output>
        </test-method> <!-- AT -->
        <test-method is-config="true" signature="AS()[pri:0, instance:campaign.CreateCampaignTest@415b0b49]" started-at="2025-07-16T08:24:41 IST" name="AS" finished-at="2025-07-16T08:24:41 IST" duration-ms="0" status="PASS">
          <reporter-output>
          </reporter-output>
        </test-method> <!-- AS -->
      </class> <!-- campaign.CreateCampaignTest -->
    </test> <!-- Default test -->
  </suite> <!-- Default suite -->
</testng-results>
